#
# There is insufficient memory for the Java Runtime Environment to continue.
# Native memory allocation (mmap) failed to map 264241152 bytes for Failed to commit area from 0x0000000704400000 to 0x0000000714000000 of length 264241152.
# Possible reasons:
#   The system is out of physical RAM or swap space
#   The process is running with CompressedOops enabled, and the Java Heap may be blocking the growth of the native heap
# Possible solutions:
#   Reduce memory load on the system
#   Increase physical memory or swap space
#   Check if swap backing store is full
#   Decrease Java heap size (-Xmx/-Xms)
#   Decrease number of Java threads
#   Decrease Java thread stack sizes (-Xss)
#   Set larger code cache with -XX:ReservedCodeCacheSize=
# This output file may be truncated or incomplete.
#
#  Out of Memory Error (./src/hotspot/os/windows/os_windows.cpp:3380), pid=1684, tid=7704
#
# JRE version:  (11.0.12+7) (build )
# Java VM: OpenJDK 64-Bit Server VM (11.0.12+7, mixed mode, sharing, tiered, compressed oops, g1 gc, windows-amd64)
# No core dump will be written. Minidumps are not enabled by default on client versions of Windows
#

---------------  S U M M A R Y ------------

Command Line: 

Host: 11th Gen Intel(R) Core(TM) i5-1135G7 @ 2.40GHz, 8 cores, 15G,  Windows 10 , 64 bit Build 19041 (10.0.19041.292)
Time: Sun Dec  3 23:18:07 2023 שעון רגיל ירושלים elapsed time: 0.009128 seconds (0d 0h 0m 0s)

---------------  T H R E A D  ---------------

Current thread (0x0000029e7f2fd800):  JavaThread "Unknown thread" [_thread_in_vm, id=7704, stack(0x000000c13c200000,0x000000c13c300000)]

Stack: [0x000000c13c200000,0x000000c13c300000]
Native frames: (J=compiled Java code, j=interpreted, Vv=VM code, C=native code)
V  [jvm.dll+0x6090fa]
V  [jvm.dll+0x79229e]
V  [jvm.dll+0x79396f]
V  [jvm.dll+0x794033]
V  [jvm.dll+0x24bed8]
V  [jvm.dll+0x60624a]
V  [jvm.dll+0x5facf5]
V  [jvm.dll+0x303b5c]
V  [jvm.dll+0x3039e2]
V  [jvm.dll+0x308706]
V  [jvm.dll+0x34d5cf]
V  [jvm.dll+0x34d000]
V  [jvm.dll+0x2e0c68]
V  [jvm.dll+0x2e1dc6]
V  [jvm.dll+0x76d627]
V  [jvm.dll+0x76edaf]
V  [jvm.dll+0x35a359]
V  [jvm.dll+0x750710]
V  [jvm.dll+0x3c1f8f]
V  [jvm.dll+0x3c4461]
C  [jli.dll+0x5207]
C  [ucrtbase.dll+0x21542]
C  [KERNEL32.DLL+0x16fd4]
C  [ntdll.dll+0x4cec1]


---------------  P R O C E S S  ---------------

Threads class SMR info:
_java_thread_list=0x0000029e7f0b3f10, length=0, elements={
}

Java Threads: ( => current thread )

Other Threads:
  0x0000029e7f316800 GCTaskThread "GC Thread#0" [stack: 0x000000c13c300000,0x000000c13c400000] [id=6968]
  0x0000029e7f375000 ConcurrentGCThread "G1 Main Marker" [stack: 0x000000c13c400000,0x000000c13c500000] [id=15292]
  0x0000029e7f377000 ConcurrentGCThread "G1 Conc#0" [stack: 0x000000c13c500000,0x000000c13c600000] [id=3916]

[error occurred during error reporting (printing all threads), id 0xc0000005, EXCEPTION_ACCESS_VIOLATION (0xc0000005) at pc=0x00007ff904700337]

VM state:not at safepoint (not fully initialized)

VM Mutex/Monitor currently owned by a thread:  ([mutex/lock_event])
[0x0000029e7f2fa530] Heap_lock - owner thread: 0x0000029e7f2fd800

Heap address: 0x0000000704400000, size: 4028 MB, Compressed Oops mode: Non-zero based: 0x0000000704400000
Narrow klass base: 0x0000000000000000, Narrow klass shift: 0

GC Heap History (0 events):
No events

Deoptimization events (0 events):
No events

Classes redefined (0 events):
No events

Internal exceptions (0 events):
No events

Events (1 events):
Event: 0.005 Loaded shared library C:\Program Files\Microsoft\jdk-11.0.12.7-hotspot\bin\zip.dll


Dynamic libraries:
0x00007ff700b80000 - 0x00007ff700b8d000 	C:\Program Files\Microsoft\jdk-11.0.12.7-hotspot\bin\java.exe
0x00007ff9a1810000 - 0x00007ff9a1a05000 	C:\WINDOWS\SYSTEM32\ntdll.dll
0x00007ff9a0ab0000 - 0x00007ff9a0b6d000 	C:\WINDOWS\System32\KERNEL32.DLL
0x00007ff99f140000 - 0x00007ff99f407000 	C:\WINDOWS\System32\KERNELBASE.dll
0x00007ff99efb0000 - 0x00007ff99f0b0000 	C:\WINDOWS\System32\ucrtbase.dll
0x00007ff92b4f0000 - 0x00007ff92b507000 	C:\Program Files\Microsoft\jdk-11.0.12.7-hotspot\bin\jli.dll
0x00007ff92b4d0000 - 0x00007ff92b4e5000 	C:\Program Files\Microsoft\jdk-11.0.12.7-hotspot\bin\VCRUNTIME140.dll
0x00007ff9a01d0000 - 0x00007ff9a0370000 	C:\WINDOWS\System32\USER32.dll
0x00007ff977a90000 - 0x00007ff977d2a000 	C:\WINDOWS\WinSxS\amd64_microsoft.windows.common-controls_6595b64144ccf1df_6.0.19041.1_none_b555e41d4684ddec\COMCTL32.dll
0x00007ff99f490000 - 0x00007ff99f4b2000 	C:\WINDOWS\System32\win32u.dll
0x00007ff9a0bd0000 - 0x00007ff9a0c6e000 	C:\WINDOWS\System32\msvcrt.dll
0x00007ff9a15f0000 - 0x00007ff9a161a000 	C:\WINDOWS\System32\GDI32.dll
0x00007ff99f4c0000 - 0x00007ff99f5ca000 	C:\WINDOWS\System32\gdi32full.dll
0x00007ff99f7e0000 - 0x00007ff99f87d000 	C:\WINDOWS\System32\msvcp_win.dll
0x00007ff9a0050000 - 0x00007ff9a0080000 	C:\WINDOWS\System32\IMM32.DLL
0x00007ff92b430000 - 0x00007ff92b4cb000 	C:\Program Files\Microsoft\jdk-11.0.12.7-hotspot\bin\msvcp140.dll
0x00007ff904410000 - 0x00007ff904f71000 	C:\Program Files\Microsoft\jdk-11.0.12.7-hotspot\bin\server\jvm.dll
0x00007ff9a1540000 - 0x00007ff9a15ea000 	C:\WINDOWS\System32\ADVAPI32.dll
0x00007ff9a04b0000 - 0x00007ff9a054b000 	C:\WINDOWS\System32\sechost.dll
0x00007ff9a0370000 - 0x00007ff9a0493000 	C:\WINDOWS\System32\RPCRT4.dll
0x00007ff9a04a0000 - 0x00007ff9a04a8000 	C:\WINDOWS\System32\PSAPI.DLL
0x00007ff976f40000 - 0x00007ff976f49000 	C:\WINDOWS\SYSTEM32\WSOCK32.dll
0x00007ff9714f0000 - 0x00007ff971517000 	C:\WINDOWS\SYSTEM32\WINMM.dll
0x00007ff9a1330000 - 0x00007ff9a139b000 	C:\WINDOWS\System32\WS2_32.dll
0x00007ff996550000 - 0x00007ff99655a000 	C:\WINDOWS\SYSTEM32\VERSION.dll
0x00007ff99d8c0000 - 0x00007ff99d8d3000 	C:\WINDOWS\SYSTEM32\kernel.appcore.dll
0x00007ff961680000 - 0x00007ff961690000 	C:\Program Files\Microsoft\jdk-11.0.12.7-hotspot\bin\verify.dll
0x00007ff99d570000 - 0x00007ff99d754000 	C:\WINDOWS\SYSTEM32\DBGHELP.DLL
0x00007ff98ead0000 - 0x00007ff98eafc000 	C:\WINDOWS\SYSTEM32\dbgcore.DLL
0x00007ff99f410000 - 0x00007ff99f48f000 	C:\WINDOWS\System32\bcryptPrimitives.dll
0x00007ff92b400000 - 0x00007ff92b428000 	C:\Program Files\Microsoft\jdk-11.0.12.7-hotspot\bin\java.dll
0x00007ff960580000 - 0x00007ff96058a000 	C:\Program Files\Microsoft\jdk-11.0.12.7-hotspot\bin\jimage.dll
0x00007ff92b3e0000 - 0x00007ff92b3f7000 	C:\Program Files\Microsoft\jdk-11.0.12.7-hotspot\bin\zip.dll

dbghelp: loaded successfully - version: 4.0.5 - missing functions: none
symbol engine: initialized successfully - sym options: 0x614 - pdb path: .;C:\Program Files\Microsoft\jdk-11.0.12.7-hotspot\bin;C:\WINDOWS\SYSTEM32;C:\WINDOWS\WinSxS\amd64_microsoft.windows.common-controls_6595b64144ccf1df_6.0.19041.1_none_b555e41d4684ddec;C:\Program Files\Microsoft\jdk-11.0.12.7-hotspot\bin\server

VM Arguments:
java_command: <unknown>
java_class_path (initial): <not set>
Launcher Type: SUN_STANDARD

[Global flags]
     intx CICompilerCount                          = 4                                         {product} {ergonomic}
     uint ConcGCThreads                            = 2                                         {product} {ergonomic}
     uint G1ConcRefinementThreads                  = 8                                         {product} {ergonomic}
   size_t G1HeapRegionSize                         = 1048576                                   {product} {ergonomic}
    uintx GCDrainStackTargetSize                   = 64                                        {product} {ergonomic}
   size_t InitialHeapSize                          = 264241152                                 {product} {ergonomic}
   size_t MarkStackSize                            = 4194304                                   {product} {ergonomic}
   size_t MaxHeapSize                              = 4223664128                                {product} {ergonomic}
   size_t MinHeapDeltaBytes                        = 1048576                                   {product} {ergonomic}
    uintx NonNMethodCodeHeapSize                   = 5836300                                {pd product} {ergonomic}
    uintx NonProfiledCodeHeapSize                  = 122910970                              {pd product} {ergonomic}
    uintx ProfiledCodeHeapSize                     = 122910970                              {pd product} {ergonomic}
    uintx ReservedCodeCacheSize                    = 251658240                              {pd product} {ergonomic}
     bool SegmentedCodeCache                       = true                                      {product} {ergonomic}
     bool UseCompressedClassPointers               = true                                 {lp64_product} {ergonomic}
     bool UseCompressedOops                        = true                                 {lp64_product} {ergonomic}
     bool UseG1GC                                  = true                                      {product} {ergonomic}
     bool UseLargePagesIndividualAllocation        = false                                  {pd product} {ergonomic}

Logging:
Log output configuration:
 #0: stdout all=warning uptime,level,tags
 #1: stderr all=off uptime,level,tags

Environment Variables:
PATH=C:\Users\This_user\Desktop\cookey park\Client\node_modules\.bin;C:\Users\This_user\Desktop\cookey park\Client\node_modules\.bin;C:\Users\This_user\Desktop\cookey park\node_modules\.bin;C:\Users\This_user\Desktop\node_modules\.bin;C:\Users\This_user\node_modules\.bin;C:\Users\node_modules\.bin;C:\node_modules\.bin;C:\Program Files\nodejs\node_modules\npm\node_modules\@npmcli\run-script\lib\node-gyp-bin;C:\Users\This_user\Desktop\cookey park\Client\node_modules\.bin;C:\Users\This_user\Desktop\cookey park\node_modules\.bin;C:\Users\This_user\Desktop\node_modules\.bin;C:\Users\This_user\node_modules\.bin;C:\Users\node_modules\.bin;C:\node_modules\.bin;C:\Program Files\nodejs\node_modules\npm\node_modules\@npmcli\run-script\lib\node-gyp-bin;C:\Program Files\Microsoft\jdk-11.0.12.7-hotspot\bin;C:\Program Files\Common Files\Oracle\Java\javapath;C:\Program Files (x86)\Common Files\Oracle\Java\javapath;C:\WINDOWS\system32;C:\WINDOWS;C:\WINDOWS\System32\Wbem;C:\WINDOWS\System32\WindowsPowerShell\v1.0\;C:\WINDOWS\System32\OpenSSH\;C:\Program Files (x86)\Windows Live\Shared;C:\Program Files\dotnet\;C:\Program Files\Microsoft SQL Server\Client SDK\ODBC\170\Tools\Binn\;C:\Program Files (x86)\Microsoft SQL Server\150\Tools\Binn\;C:\Program Files\Microsoft SQL Server\150\Tools\Binn\;C:\Program Files\Microsoft SQL Server\150\DTS\Binn\;C:\Program Files\Microsoft SQL Server\130\Tools\Binn\;C:\Program Files (x86)\Microsoft SQL Server\150\DTS\Binn\;C:\Program Files\Azure Data Studio\bin;C:\Program Files\nodejs\;C:\Program Files\Git\cmd;C:\Program Files\Microsoft\Web Platform Installer\;C:\Users\This_user\AppData\Local\Android\Sdk\tools;C:\Users\This_user\AppData\Local\Android\Sdk\tools;C:\Program Files\MySQL\MySQL Shell 8.0\bin\;C:\Users\This_user\AppData\Local\Microsoft\WindowsApps;C:\Users\This_user\AppData\Local\Programs\Microsoft VS Code\bin;C:\Program Files\Azure Data Studio\bin;C:\Users\This_user\AppData\Roaming\npm;C:\Users\This_user\.dotnet\tools;C:\Users\This_user\AppData\Loc
USERNAME=This_user
LANG=en_US.UTF-8
OS=Windows_NT
PROCESSOR_IDENTIFIER=Intel64 Family 6 Model 140 Stepping 1, GenuineIntel



---------------  S Y S T E M  ---------------

OS: Windows 10 , 64 bit Build 19041 (10.0.19041.292)
OS uptime: 0 days 4:49 hours

CPU:total 8 (initial active 8) (4 cores per cpu, 2 threads per core) family 6 model 140 stepping 1 microcode 0xb4, cmov, cx8, fxsr, mmx, sse, sse2, sse3, ssse3, sse4.1, sse4.2, popcnt, avx, avx2, aes, clmul, erms, 3dnowpref, lzcnt, ht, tsc, tscinvbit, bmi1, bmi2, adx, evex, sha, fma

Memory: 4k page, system-wide physical 16110M (4574M free)
TotalPageFile size 32382M (AvailPageFile size 155M)
current process WorkingSet (physical memory assigned to process): 10M, peak: 10M
current process commit charge ("private bytes"): 60M, peak: 312M

vm_info: OpenJDK 64-Bit Server VM (11.0.12+7) for windows-amd64 JRE (11.0.12+7), built on Jul 21 2021 15:41:43 by "" with unknown MS VC++:1916

END.
